2013-03-03 18:49:52,980 - Log4JLogChute initialized using file 'velocity.log'
2013-03-03 18:49:52,980 - Starting Apache Velocity v1.5 (compiled: 2007-02-22 08:52:29)
2013-03-03 18:49:52,980 - Default Properties File: org\apache\velocity\runtime\defaults\velocity.properties
2013-03-03 18:49:52,980 - Trying to use logger class org.apache.velocity.runtime.log.AvalonLogChute
2013-03-03 18:49:52,980 - Couldn't find class org.apache.velocity.runtime.log.AvalonLogChute or necessary supporting classes in classpath.
java.lang.NoClassDefFoundError: org/apache/log/format/Formatter
	at java.lang.Class.forName0(Native Method)
	at java.lang.Class.forName(Class.java:247)
	at org.apache.velocity.util.ClassUtils.getClass(ClassUtils.java:63)
	at org.apache.velocity.util.ClassUtils.getNewInstance(ClassUtils.java:95)
	at org.apache.velocity.runtime.log.LogManager.createLogChute(LogManager.java:147)
	at org.apache.velocity.runtime.log.LogManager.updateLog(LogManager.java:208)
	at org.apache.velocity.runtime.RuntimeInstance.initializeLog(RuntimeInstance.java:728)
	at org.apache.velocity.runtime.RuntimeInstance.init(RuntimeInstance.java:240)
	at org.apache.velocity.runtime.RuntimeSingleton.init(RuntimeSingleton.java:113)
	at org.apache.velocity.app.Velocity.init(Velocity.java:83)
	at com.amazonaws.mturk.util.VelocityUtil.doMerge(VelocityUtil.java:34)
	at com.amazonaws.mturk.addon.HITProperties.getLifetime(HITProperties.java:243)
	at com.marcopolo.mturk.ExternalQuestion.createBestImage(ExternalQuestion.java:125)
	at com.marcopolo.mturk.ExternalQuestion.main(ExternalQuestion.java:160)
Caused by: java.lang.ClassNotFoundException: org.apache.log.format.Formatter
	at java.net.URLClassLoader$1.run(URLClassLoader.java:202)
	at java.security.AccessController.doPrivileged(Native Method)
	at java.net.URLClassLoader.findClass(URLClassLoader.java:190)
	at java.lang.ClassLoader.loadClass(ClassLoader.java:307)
	at sun.misc.Launcher$AppClassLoader.loadClass(Launcher.java:301)
	at java.lang.ClassLoader.loadClass(ClassLoader.java:248)
	... 14 more
2013-03-03 18:49:52,981 - Trying to use logger class org.apache.velocity.runtime.log.Log4JLogChute
2013-03-03 18:49:52,981 - Using logger class org.apache.velocity.runtime.log.Log4JLogChute
2013-03-03 18:49:52,985 - Default ResourceManager initializing. (class org.apache.velocity.runtime.resource.ResourceManagerImpl)
2013-03-03 18:49:52,990 - ResourceLoader instantiated: org.apache.velocity.runtime.resource.loader.FileResourceLoader
2013-03-03 18:49:52,992 - Do unicode file recognition:  false
2013-03-03 18:49:52,992 - FileResourceLoader : adding path '.'
2013-03-03 18:50:39,493 - Log4JLogChute initialized using file 'velocity.log'
2013-03-03 18:50:39,493 - Starting Apache Velocity v1.5 (compiled: 2007-02-22 08:52:29)
2013-03-03 18:50:39,493 - Default Properties File: org\apache\velocity\runtime\defaults\velocity.properties
2013-03-03 18:50:39,493 - Trying to use logger class org.apache.velocity.runtime.log.AvalonLogChute
2013-03-03 18:50:39,493 - Couldn't find class org.apache.velocity.runtime.log.AvalonLogChute or necessary supporting classes in classpath.
java.lang.NoClassDefFoundError: org/apache/log/format/Formatter
	at java.lang.Class.forName0(Native Method)
	at java.lang.Class.forName(Class.java:247)
	at org.apache.velocity.util.ClassUtils.getClass(ClassUtils.java:63)
	at org.apache.velocity.util.ClassUtils.getNewInstance(ClassUtils.java:95)
	at org.apache.velocity.runtime.log.LogManager.createLogChute(LogManager.java:147)
	at org.apache.velocity.runtime.log.LogManager.updateLog(LogManager.java:208)
	at org.apache.velocity.runtime.RuntimeInstance.initializeLog(RuntimeInstance.java:728)
	at org.apache.velocity.runtime.RuntimeInstance.init(RuntimeInstance.java:240)
	at org.apache.velocity.runtime.RuntimeSingleton.init(RuntimeSingleton.java:113)
	at org.apache.velocity.app.Velocity.init(Velocity.java:83)
	at com.amazonaws.mturk.util.VelocityUtil.doMerge(VelocityUtil.java:34)
	at com.amazonaws.mturk.addon.HITProperties.getLifetime(HITProperties.java:243)
	at com.marcopolo.mturk.ExternalQuestion.createBestImage(ExternalQuestion.java:125)
	at com.marcopolo.mturk.ExternalQuestion.main(ExternalQuestion.java:160)
Caused by: java.lang.ClassNotFoundException: org.apache.log.format.Formatter
	at java.net.URLClassLoader$1.run(URLClassLoader.java:202)
	at java.security.AccessController.doPrivileged(Native Method)
	at java.net.URLClassLoader.findClass(URLClassLoader.java:190)
	at java.lang.ClassLoader.loadClass(ClassLoader.java:307)
	at sun.misc.Launcher$AppClassLoader.loadClass(Launcher.java:301)
	at java.lang.ClassLoader.loadClass(ClassLoader.java:248)
	... 14 more
2013-03-03 18:50:39,494 - Trying to use logger class org.apache.velocity.runtime.log.Log4JLogChute
2013-03-03 18:50:39,494 - Using logger class org.apache.velocity.runtime.log.Log4JLogChute
2013-03-03 18:50:39,496 - Default ResourceManager initializing. (class org.apache.velocity.runtime.resource.ResourceManagerImpl)
2013-03-03 18:50:39,500 - ResourceLoader instantiated: org.apache.velocity.runtime.resource.loader.FileResourceLoader
2013-03-03 18:50:39,501 - Do unicode file recognition:  false
2013-03-03 18:50:39,501 - FileResourceLoader : adding path '.'
2013-03-03 18:50:39,515 - ResourceCache: initialized (class org.apache.velocity.runtime.resource.ResourceCacheImpl)
2013-03-03 18:50:39,517 - Loaded System Directive: org.apache.velocity.runtime.directive.Literal
2013-03-03 18:50:39,518 - Loaded System Directive: org.apache.velocity.runtime.directive.Macro
2013-03-03 18:50:39,520 - Loaded System Directive: org.apache.velocity.runtime.directive.Parse
2013-03-03 18:50:39,522 - Loaded System Directive: org.apache.velocity.runtime.directive.Include
2013-03-03 18:50:39,523 - Loaded System Directive: org.apache.velocity.runtime.directive.Foreach
2013-03-03 18:50:39,554 - Created '20' parsers.
2013-03-03 18:50:39,563 - Velocimacro : "velocimacro.library" is not set.  Trying default library: VM_global_library.vm
2013-03-03 18:50:39,563 - Velocimacro : Default library not found.
2013-03-03 18:50:39,564 - Velocimacro : allowInline = true : VMs can be defined inline in templates
2013-03-03 18:50:39,564 - Velocimacro : allowInlineToOverride = false : VMs defined inline may NOT replace previous VM definitions
2013-03-03 18:50:39,564 - Velocimacro : allowInlineLocal = false : VMs defined inline will be global in scope if allowed.
2013-03-03 18:50:39,564 - Velocimacro : autoload off : VM system will not automatically reload global library macros
2013-03-03 18:54:56,638 - Log4JLogChute initialized using file 'velocity.log'
2013-03-03 18:54:56,638 - Starting Apache Velocity v1.5 (compiled: 2007-02-22 08:52:29)
2013-03-03 18:54:56,638 - Default Properties File: org\apache\velocity\runtime\defaults\velocity.properties
2013-03-03 18:54:56,638 - Trying to use logger class org.apache.velocity.runtime.log.AvalonLogChute
2013-03-03 18:54:56,638 - Couldn't find class org.apache.velocity.runtime.log.AvalonLogChute or necessary supporting classes in classpath.
java.lang.NoClassDefFoundError: org/apache/log/format/Formatter
	at java.lang.Class.forName0(Native Method)
	at java.lang.Class.forName(Class.java:247)
	at org.apache.velocity.util.ClassUtils.getClass(ClassUtils.java:63)
	at org.apache.velocity.util.ClassUtils.getNewInstance(ClassUtils.java:95)
	at org.apache.velocity.runtime.log.LogManager.createLogChute(LogManager.java:147)
	at org.apache.velocity.runtime.log.LogManager.updateLog(LogManager.java:208)
	at org.apache.velocity.runtime.RuntimeInstance.initializeLog(RuntimeInstance.java:728)
	at org.apache.velocity.runtime.RuntimeInstance.init(RuntimeInstance.java:240)
	at org.apache.velocity.runtime.RuntimeSingleton.init(RuntimeSingleton.java:113)
	at org.apache.velocity.app.Velocity.init(Velocity.java:83)
	at com.amazonaws.mturk.util.VelocityUtil.doMerge(VelocityUtil.java:34)
	at com.amazonaws.mturk.addon.HITProperties.getLifetime(HITProperties.java:243)
	at com.marcopolo.mturk.ExternalQuestion.createBestImage(ExternalQuestion.java:104)
	at com.marcopolo.mturk.ExternalQuestion.main(ExternalQuestion.java:134)
Caused by: java.lang.ClassNotFoundException: org.apache.log.format.Formatter
	at java.net.URLClassLoader$1.run(URLClassLoader.java:202)
	at java.security.AccessController.doPrivileged(Native Method)
	at java.net.URLClassLoader.findClass(URLClassLoader.java:190)
	at java.lang.ClassLoader.loadClass(ClassLoader.java:307)
	at sun.misc.Launcher$AppClassLoader.loadClass(Launcher.java:301)
	at java.lang.ClassLoader.loadClass(ClassLoader.java:248)
	... 14 more
2013-03-03 18:54:56,639 - Trying to use logger class org.apache.velocity.runtime.log.Log4JLogChute
2013-03-03 18:54:56,639 - Using logger class org.apache.velocity.runtime.log.Log4JLogChute
2013-03-03 18:54:56,642 - Default ResourceManager initializing. (class org.apache.velocity.runtime.resource.ResourceManagerImpl)
2013-03-03 18:54:56,645 - ResourceLoader instantiated: org.apache.velocity.runtime.resource.loader.FileResourceLoader
2013-03-03 18:54:56,647 - Do unicode file recognition:  false
2013-03-03 18:54:56,647 - FileResourceLoader : adding path '.'
2013-03-03 18:54:56,660 - ResourceCache: initialized (class org.apache.velocity.runtime.resource.ResourceCacheImpl)
2013-03-03 18:54:56,662 - Loaded System Directive: org.apache.velocity.runtime.directive.Literal
2013-03-03 18:54:56,664 - Loaded System Directive: org.apache.velocity.runtime.directive.Macro
2013-03-03 18:54:56,665 - Loaded System Directive: org.apache.velocity.runtime.directive.Parse
2013-03-03 18:54:56,667 - Loaded System Directive: org.apache.velocity.runtime.directive.Include
2013-03-03 18:54:56,668 - Loaded System Directive: org.apache.velocity.runtime.directive.Foreach
2013-03-03 18:54:56,700 - Created '20' parsers.
2013-03-03 18:54:56,709 - Velocimacro : "velocimacro.library" is not set.  Trying default library: VM_global_library.vm
2013-03-03 18:54:56,709 - Velocimacro : Default library not found.
2013-03-03 18:54:56,709 - Velocimacro : allowInline = true : VMs can be defined inline in templates
2013-03-03 18:54:56,709 - Velocimacro : allowInlineToOverride = false : VMs defined inline may NOT replace previous VM definitions
2013-03-03 18:54:56,709 - Velocimacro : allowInlineLocal = false : VMs defined inline will be global in scope if allowed.
2013-03-03 18:54:56,709 - Velocimacro : autoload off : VM system will not automatically reload global library macros
2013-03-03 18:55:41,965 - Log4JLogChute initialized using file 'velocity.log'
2013-03-03 18:55:41,966 - Starting Apache Velocity v1.5 (compiled: 2007-02-22 08:52:29)
2013-03-03 18:55:41,966 - Default Properties File: org\apache\velocity\runtime\defaults\velocity.properties
2013-03-03 18:55:41,966 - Trying to use logger class org.apache.velocity.runtime.log.AvalonLogChute
2013-03-03 18:55:41,966 - Couldn't find class org.apache.velocity.runtime.log.AvalonLogChute or necessary supporting classes in classpath.
java.lang.NoClassDefFoundError: org/apache/log/format/Formatter
	at java.lang.Class.forName0(Native Method)
	at java.lang.Class.forName(Class.java:247)
	at org.apache.velocity.util.ClassUtils.getClass(ClassUtils.java:63)
	at org.apache.velocity.util.ClassUtils.getNewInstance(ClassUtils.java:95)
	at org.apache.velocity.runtime.log.LogManager.createLogChute(LogManager.java:147)
	at org.apache.velocity.runtime.log.LogManager.updateLog(LogManager.java:208)
	at org.apache.velocity.runtime.RuntimeInstance.initializeLog(RuntimeInstance.java:728)
	at org.apache.velocity.runtime.RuntimeInstance.init(RuntimeInstance.java:240)
	at org.apache.velocity.runtime.RuntimeSingleton.init(RuntimeSingleton.java:113)
	at org.apache.velocity.app.Velocity.init(Velocity.java:83)
	at com.amazonaws.mturk.util.VelocityUtil.doMerge(VelocityUtil.java:34)
	at com.amazonaws.mturk.addon.HITProperties.getLifetime(HITProperties.java:243)
	at com.marcopolo.mturk.ExternalQuestion.createBestImage(ExternalQuestion.java:104)
	at com.marcopolo.mturk.ExternalQuestion.main(ExternalQuestion.java:134)
Caused by: java.lang.ClassNotFoundException: org.apache.log.format.Formatter
	at java.net.URLClassLoader$1.run(URLClassLoader.java:202)
	at java.security.AccessController.doPrivileged(Native Method)
	at java.net.URLClassLoader.findClass(URLClassLoader.java:190)
	at java.lang.ClassLoader.loadClass(ClassLoader.java:307)
	at sun.misc.Launcher$AppClassLoader.loadClass(Launcher.java:301)
	at java.lang.ClassLoader.loadClass(ClassLoader.java:248)
	... 14 more
2013-03-03 18:55:41,966 - Trying to use logger class org.apache.velocity.runtime.log.Log4JLogChute
2013-03-03 18:55:41,967 - Using logger class org.apache.velocity.runtime.log.Log4JLogChute
2013-03-03 18:55:41,969 - Default ResourceManager initializing. (class org.apache.velocity.runtime.resource.ResourceManagerImpl)
2013-03-03 18:55:41,974 - ResourceLoader instantiated: org.apache.velocity.runtime.resource.loader.FileResourceLoader
2013-03-03 18:55:41,975 - Do unicode file recognition:  false
2013-03-03 18:55:41,975 - FileResourceLoader : adding path '.'
2013-03-03 18:55:41,989 - ResourceCache: initialized (class org.apache.velocity.runtime.resource.ResourceCacheImpl)
2013-03-03 18:55:41,991 - Loaded System Directive: org.apache.velocity.runtime.directive.Literal
2013-03-03 18:55:41,992 - Loaded System Directive: org.apache.velocity.runtime.directive.Macro
2013-03-03 18:55:41,994 - Loaded System Directive: org.apache.velocity.runtime.directive.Parse
2013-03-03 18:55:41,996 - Loaded System Directive: org.apache.velocity.runtime.directive.Include
2013-03-03 18:55:41,997 - Loaded System Directive: org.apache.velocity.runtime.directive.Foreach
2013-03-03 18:55:42,028 - Created '20' parsers.
2013-03-03 18:55:42,037 - Velocimacro : "velocimacro.library" is not set.  Trying default library: VM_global_library.vm
2013-03-03 18:55:42,037 - Velocimacro : Default library not found.
2013-03-03 18:55:42,037 - Velocimacro : allowInline = true : VMs can be defined inline in templates
2013-03-03 18:55:42,037 - Velocimacro : allowInlineToOverride = false : VMs defined inline may NOT replace previous VM definitions
2013-03-03 18:55:42,037 - Velocimacro : allowInlineLocal = false : VMs defined inline will be global in scope if allowed.
2013-03-03 18:55:42,037 - Velocimacro : autoload off : VM system will not automatically reload global library macros
